{
  message: 'Database is connected',
  level: 'info',
  label: 'right meow!',
  timestamp: '2023-06-03T05:42:39.655Z'
}
{
  message: 'Application listening on port 5000',
  level: 'info',
  label: 'right meow!',
  timestamp: '2023-06-03T05:42:39.665Z'
}
{
  message: 'Database is connected',
  level: 'info',
  label: 'right meow!',
  timestamp: '2023-06-03T05:44:10.765Z'
}
{
  message: 'Application listening on port 5000',
  level: 'info',
  label: 'right meow!',
  timestamp: '2023-06-03T05:44:10.783Z'
}
