{
  message: 'Database is connected',
  level: 'info',
  label: 'right meow!',
  timestamp: '2023-06-03T10:04:08.344Z'
}
{
  message: 'Application listening on port 5000',
  level: 'info',
  label: 'right meow!',
  timestamp: '2023-06-03T10:04:08.377Z'
}
{
  message: 'Database is connected',
  level: 'info',
  label: 'right meow!',
  timestamp: '2023-06-03T10:08:58.539Z'
}
{
  message: 'Application listening on port 5000',
  level: 'info',
  label: 'right meow!',
  timestamp: '2023-06-03T10:08:58.598Z'
}
{
  message: 'Database is connected',
  level: 'info',
  label: 'right meow!',
  timestamp: '2023-06-03T10:12:51.339Z'
}
{
  message: 'Application listening on port 5000',
  level: 'info',
  label: 'right meow!',
  timestamp: '2023-06-03T10:12:51.402Z'
}
{
  message: 'Database is connected',
  level: 'info',
  label: 'right meow!',
  timestamp: '2023-06-03T10:15:27.301Z'
}
{
  message: 'Application listening on port 5000',
  level: 'info',
  label: 'right meow!',
  timestamp: '2023-06-03T10:15:27.361Z'
}
{
  message: 'Database is connected',
  level: 'info',
  label: 'right meow!',
  timestamp: '2023-06-03T10:16:36.235Z'
}
{
  message: 'Application listening on port 5000',
  level: 'info',
  label: 'right meow!',
  timestamp: '2023-06-03T10:16:36.284Z'
}
{
  message: 'Database is connected',
  level: 'info',
  label: 'right meow!',
  timestamp: '2023-06-03T10:19:39.841Z'
}
{
  message: 'Application listening on port 5000',
  level: 'info',
  label: 'right meow!',
  timestamp: '2023-06-03T10:19:39.872Z'
}
{
  message: 'Database is connected',
  level: 'info',
  label: 'right meow!',
  timestamp: '2023-06-03T10:52:22.060Z'
}
{
  message: 'Application listening on port 5000',
  level: 'info',
  label: 'right meow!',
  timestamp: '2023-06-03T10:52:22.074Z'
}
{
  message: 'Database is connected',
  level: 'info',
  label: 'right meow!',
  timestamp: '2023-06-03T10:56:47.423Z'
}
{
  message: 'Application listening on port 5000',
  level: 'info',
  label: 'right meow!',
  timestamp: '2023-06-03T10:56:47.474Z'
}
