{
  message: 'Database is connected',
  level: 'info',
  label: 'right meow!',
  timestamp: '2023-06-03T08:13:55.325Z'
}
{
  message: 'Application listening on port 5000',
  level: 'info',
  label: 'right meow!',
  timestamp: '2023-06-03T08:13:55.353Z'
}
{
  message: 'Database is connected',
  level: 'info',
  label: 'right meow!',
  timestamp: '2023-06-03T08:15:23.660Z'
}
{
  message: 'Application listening on port 5000',
  level: 'info',
  label: 'right meow!',
  timestamp: '2023-06-03T08:15:23.688Z'
}
{
  message: 'Database is connected',
  level: 'info',
  label: 'right meow!',
  timestamp: '2023-06-03T08:15:30.070Z'
}
{
  message: 'Application listening on port 5000',
  level: 'info',
  label: 'right meow!',
  timestamp: '2023-06-03T08:15:30.117Z'
}
{
  message: 'Database is connected',
  level: 'info',
  label: 'right meow!',
  timestamp: '2023-06-03T08:16:18.893Z'
}
{
  message: 'Application listening on port 5000',
  level: 'info',
  label: 'right meow!',
  timestamp: '2023-06-03T08:16:18.920Z'
}
{
  message: 'Database is connected',
  level: 'info',
  label: 'right meow!',
  timestamp: '2023-06-03T08:22:31.273Z'
}
{
  message: 'Application listening on port 5000',
  level: 'info',
  label: 'right meow!',
  timestamp: '2023-06-03T08:22:31.287Z'
}
{
  message: 'Database is connected',
  level: 'info',
  label: 'right meow!',
  timestamp: '2023-06-03T08:26:22.202Z'
}
{
  message: 'Application listening on port 5000',
  level: 'info',
  label: 'right meow!',
  timestamp: '2023-06-03T08:26:22.220Z'
}
{
  message: 'Database is connected',
  level: 'info',
  label: 'right meow!',
  timestamp: '2023-06-03T08:26:36.324Z'
}
{
  message: 'Application listening on port 5000',
  level: 'info',
  label: 'right meow!',
  timestamp: '2023-06-03T08:26:36.358Z'
}
